

*******************************************************************************
Wed Apr 18 19:59:32 2018


FIT:    data read from 'S1F9XXXX.ASC'
        format = z
        #datapoints = 191
        residuals are weighted equally (unit weight)

function used for fitting: f(x,k,d,a)
fitted parameters initialized with current variable values



 Iteration 0
 WSSR        : 6.2104e+07        delta(WSSR)/WSSR   : 0
 delta(WSSR) : 0                 limit for stopping : 1e-05
 lambda	  : 329.053

initial set of free parameter values

k               = 1.5
d               = 1
a               = 1

After 3 iterations the fit converged.
final sum of squares of residuals : 6.46431
rel. change during last iteration : -2.55335e-08

degrees of freedom    (FIT_NDF)                        : 188
rms of residuals      (FIT_STDFIT) = sqrt(WSSR/ndf)    : 0.185431
variance of residuals (reduced chisquare) = WSSR/ndf   : 0.0343846

Final set of parameters            Asymptotic Standard Error
=======================            ==========================

k               = 1.49966          +/- 2.613e+06    (1.743e+08%)
d               = 0.999746         +/- 3.474e+06    (3.475e+08%)
a               = -0.000498464     +/- 0.000671     (134.6%)


correlation matrix of the fit parameters:

               k      d      a      
k               1.000 
d              -1.000  1.000 
a               0.983 -0.983  1.000 


*******************************************************************************
Wed Apr 18 20:24:27 2018


FIT:    data read from 'S1F9XXXX.ASC'
        format = z
        #datapoints = 191
        residuals are weighted equally (unit weight)

function used for fitting: f(x,k,d,a)
fitted parameters initialized with current variable values



 Iteration 0
 WSSR        : 6.2104e+07        delta(WSSR)/WSSR   : 0
 delta(WSSR) : 0                 limit for stopping : 1e-05
 lambda	  : 329.053

initial set of free parameter values

k               = 1.5
d               = 1
a               = 1

After 3 iterations the fit converged.
final sum of squares of residuals : 6.46431
rel. change during last iteration : -2.55335e-08

degrees of freedom    (FIT_NDF)                        : 188
rms of residuals      (FIT_STDFIT) = sqrt(WSSR/ndf)    : 0.185431
variance of residuals (reduced chisquare) = WSSR/ndf   : 0.0343846

Final set of parameters            Asymptotic Standard Error
=======================            ==========================

k               = 1.49966          +/- 2.613e+06    (1.743e+08%)
d               = 0.999746         +/- 3.474e+06    (3.475e+08%)
a               = -0.000498464     +/- 0.000671     (134.6%)


correlation matrix of the fit parameters:

               k      d      a      
k               1.000 
d              -1.000  1.000 
a               0.983 -0.983  1.000 


*******************************************************************************
Wed Apr 18 20:28:38 2018


FIT:    data read from 'S1F9XXXX.ASC'
        format = z
        #datapoints = 191
        residuals are weighted equally (unit weight)

function used for fitting: f(x,k,d,a)
fitted parameters initialized with current variable values



 Iteration 0
 WSSR        : 6.2104e+07        delta(WSSR)/WSSR   : 0
 delta(WSSR) : 0                 limit for stopping : 1e-05
 lambda	  : 329.053

initial set of free parameter values

k               = 1.5
d               = 1
a               = 1

After 3 iterations the fit converged.
final sum of squares of residuals : 6.46431
rel. change during last iteration : -2.55335e-08

degrees of freedom    (FIT_NDF)                        : 188
rms of residuals      (FIT_STDFIT) = sqrt(WSSR/ndf)    : 0.185431
variance of residuals (reduced chisquare) = WSSR/ndf   : 0.0343846

Final set of parameters            Asymptotic Standard Error
=======================            ==========================

k               = 1.49966          +/- 2.613e+06    (1.743e+08%)
d               = 0.999746         +/- 3.474e+06    (3.475e+08%)
a               = -0.000498464     +/- 0.000671     (134.6%)


correlation matrix of the fit parameters:

               k      d      a      
k               1.000 
d              -1.000  1.000 
a               0.983 -0.983  1.000 


*******************************************************************************
Fri Apr 20 09:10:33 2018


FIT:    data read from 'S1F9XXXX.ASC'
        format = z
        #datapoints = 191
        residuals are weighted equally (unit weight)

function used for fitting: f(x,k,d,a)
fitted parameters initialized with current variable values



 Iteration 0
 WSSR        : 6.2104e+07        delta(WSSR)/WSSR   : 0
 delta(WSSR) : 0                 limit for stopping : 1e-05
 lambda	  : 329.053

initial set of free parameter values

k               = 1.5
d               = 1
a               = 1

After 3 iterations the fit converged.
final sum of squares of residuals : 6.46431
rel. change during last iteration : -2.55335e-08

degrees of freedom    (FIT_NDF)                        : 188
rms of residuals      (FIT_STDFIT) = sqrt(WSSR/ndf)    : 0.185431
variance of residuals (reduced chisquare) = WSSR/ndf   : 0.0343846

Final set of parameters            Asymptotic Standard Error
=======================            ==========================

k               = 1.49966          +/- 2.613e+06    (1.743e+08%)
d               = 0.999746         +/- 3.474e+06    (3.475e+08%)
a               = -0.000498464     +/- 0.000671     (134.6%)


correlation matrix of the fit parameters:

               k      d      a      
k               1.000 
d              -1.000  1.000 
a               0.983 -0.983  1.000 


*******************************************************************************
Fri Apr 20 09:11:18 2018


FIT:    data read from 'S1F9XXXX.ASC'
        format = z
        #datapoints = 191
        residuals are weighted equally (unit weight)

function used for fitting: f(x,k,d,a)
fitted parameters initialized with current variable values



 Iteration 0
 WSSR        : 6.2104e+07        delta(WSSR)/WSSR   : 0
 delta(WSSR) : 0                 limit for stopping : 1e-05
 lambda	  : 329.053

initial set of free parameter values

k               = 1.5
d               = 1
a               = 1

After 3 iterations the fit converged.
final sum of squares of residuals : 6.46431
rel. change during last iteration : -2.55335e-08

degrees of freedom    (FIT_NDF)                        : 188
rms of residuals      (FIT_STDFIT) = sqrt(WSSR/ndf)    : 0.185431
variance of residuals (reduced chisquare) = WSSR/ndf   : 0.0343846

Final set of parameters            Asymptotic Standard Error
=======================            ==========================

k               = 1.49966          +/- 2.613e+06    (1.743e+08%)
d               = 0.999746         +/- 3.474e+06    (3.475e+08%)
a               = -0.000498464     +/- 0.000671     (134.6%)


correlation matrix of the fit parameters:

               k      d      a      
k               1.000 
d              -1.000  1.000 
a               0.983 -0.983  1.000 


*******************************************************************************
Fri Apr 20 20:45:03 2018


FIT:    data read from 'feladat2.txt'
        format = z
        #datapoints = 9
        residuals are weighted equally (unit weight)

function used for fitting: f(x,k,d,a)
fitted parameters initialized with current variable values



 Iteration 0
 WSSR        : 7.16914           delta(WSSR)/WSSR   : 0
 delta(WSSR) : 0                 limit for stopping : 1e-05
 lambda	  : 0.0941534

initial set of free parameter values

k               = 1.5
d               = 1
a               = 1

After 49 iterations the fit converged.
final sum of squares of residuals : 0.00596303
rel. change during last iteration : -2.10061e-07

degrees of freedom    (FIT_NDF)                        : 6
rms of residuals      (FIT_STDFIT) = sqrt(WSSR/ndf)    : 0.0315252
variance of residuals (reduced chisquare) = WSSR/ndf   : 0.000993838

Final set of parameters            Asymptotic Standard Error
=======================            ==========================

k               = 24.7212          +/- 9.672        (39.13%)
d               = 1.46637          +/- 0.04989      (3.402%)
a               = 3.19525          +/- 0.1114       (3.488%)


correlation matrix of the fit parameters:

               k      d      a      
k               1.000 
d              -0.374  1.000 
a              -0.860 -0.064  1.000 


*******************************************************************************
Fri Apr 20 20:45:55 2018


FIT:    data read from 'feladat2.txt'
        format = z
        #datapoints = 9
        residuals are weighted equally (unit weight)

function used for fitting: f(x,k,d,a)
fitted parameters initialized with current variable values



 Iteration 0
 WSSR        : 7.16914           delta(WSSR)/WSSR   : 0
 delta(WSSR) : 0                 limit for stopping : 1e-05
 lambda	  : 0.0941534

initial set of free parameter values

k               = 1.5
d               = 1
a               = 1

After 49 iterations the fit converged.
final sum of squares of residuals : 0.00596303
rel. change during last iteration : -2.10061e-07

degrees of freedom    (FIT_NDF)                        : 6
rms of residuals      (FIT_STDFIT) = sqrt(WSSR/ndf)    : 0.0315252
variance of residuals (reduced chisquare) = WSSR/ndf   : 0.000993838

Final set of parameters            Asymptotic Standard Error
=======================            ==========================

k               = 24.7212          +/- 9.672        (39.13%)
d               = 1.46637          +/- 0.04989      (3.402%)
a               = 3.19525          +/- 0.1114       (3.488%)


correlation matrix of the fit parameters:

               k      d      a      
k               1.000 
d              -0.374  1.000 
a              -0.860 -0.064  1.000 


*******************************************************************************
Fri Apr 20 20:46:49 2018


FIT:    data read from 'feladat2.txt'
        format = z
        #datapoints = 9
        residuals are weighted equally (unit weight)

function used for fitting: f(x,k,d,a)
fitted parameters initialized with current variable values



 Iteration 0
 WSSR        : 7.16914           delta(WSSR)/WSSR   : 0
 delta(WSSR) : 0                 limit for stopping : 1e-05
 lambda	  : 0.0941534

initial set of free parameter values

k               = 1.5
d               = 1
a               = 1

After 49 iterations the fit converged.
final sum of squares of residuals : 0.00596303
rel. change during last iteration : -2.10061e-07

degrees of freedom    (FIT_NDF)                        : 6
rms of residuals      (FIT_STDFIT) = sqrt(WSSR/ndf)    : 0.0315252
variance of residuals (reduced chisquare) = WSSR/ndf   : 0.000993838

Final set of parameters            Asymptotic Standard Error
=======================            ==========================

k               = 24.7212          +/- 9.672        (39.13%)
d               = 1.46637          +/- 0.04989      (3.402%)
a               = 3.19525          +/- 0.1114       (3.488%)


correlation matrix of the fit parameters:

               k      d      a      
k               1.000 
d              -0.374  1.000 
a              -0.860 -0.064  1.000 


*******************************************************************************
Fri Apr 20 20:47:32 2018


FIT:    data read from 'feladat2.txt'
        format = z
        #datapoints = 9
        residuals are weighted equally (unit weight)

function used for fitting: f(x,k,d,a)
fitted parameters initialized with current variable values



 Iteration 0
 WSSR        : 7.16914           delta(WSSR)/WSSR   : 0
 delta(WSSR) : 0                 limit for stopping : 1e-05
 lambda	  : 0.0941534

initial set of free parameter values

k               = 1.5
d               = 1
a               = 1

After 49 iterations the fit converged.
final sum of squares of residuals : 0.00596303
rel. change during last iteration : -2.10061e-07

degrees of freedom    (FIT_NDF)                        : 6
rms of residuals      (FIT_STDFIT) = sqrt(WSSR/ndf)    : 0.0315252
variance of residuals (reduced chisquare) = WSSR/ndf   : 0.000993838

Final set of parameters            Asymptotic Standard Error
=======================            ==========================

k               = 24.7212          +/- 9.672        (39.13%)
d               = 1.46637          +/- 0.04989      (3.402%)
a               = 3.19525          +/- 0.1114       (3.488%)


correlation matrix of the fit parameters:

               k      d      a      
k               1.000 
d              -0.374  1.000 
a              -0.860 -0.064  1.000 


*******************************************************************************
Fri Apr 20 20:47:41 2018


FIT:    data read from 'feladat2.txt'
        format = z
        #datapoints = 9
        residuals are weighted equally (unit weight)

function used for fitting: f(x,k,d,a)
fitted parameters initialized with current variable values



 Iteration 0
 WSSR        : 7.16914           delta(WSSR)/WSSR   : 0
 delta(WSSR) : 0                 limit for stopping : 1e-05
 lambda	  : 0.0941534

initial set of free parameter values

k               = 1.5
d               = 1
a               = 1

After 49 iterations the fit converged.
final sum of squares of residuals : 0.00596303
rel. change during last iteration : -2.10061e-07

degrees of freedom    (FIT_NDF)                        : 6
rms of residuals      (FIT_STDFIT) = sqrt(WSSR/ndf)    : 0.0315252
variance of residuals (reduced chisquare) = WSSR/ndf   : 0.000993838

Final set of parameters            Asymptotic Standard Error
=======================            ==========================

k               = 24.7212          +/- 9.672        (39.13%)
d               = 1.46637          +/- 0.04989      (3.402%)
a               = 3.19525          +/- 0.1114       (3.488%)


correlation matrix of the fit parameters:

               k      d      a      
k               1.000 
d              -0.374  1.000 
a              -0.860 -0.064  1.000 


*******************************************************************************
Fri Apr 20 20:48:27 2018


FIT:    data read from 'feladat2.txt'
        format = z
        #datapoints = 9
        residuals are weighted equally (unit weight)

function used for fitting: f(x,k,d,a)
fitted parameters initialized with current variable values



 Iteration 0
 WSSR        : 7.16914           delta(WSSR)/WSSR   : 0
 delta(WSSR) : 0                 limit for stopping : 1e-05
 lambda	  : 0.0941534

initial set of free parameter values

k               = 1.5
d               = 1
a               = 1

After 49 iterations the fit converged.
final sum of squares of residuals : 0.00596303
rel. change during last iteration : -2.10061e-07

degrees of freedom    (FIT_NDF)                        : 6
rms of residuals      (FIT_STDFIT) = sqrt(WSSR/ndf)    : 0.0315252
variance of residuals (reduced chisquare) = WSSR/ndf   : 0.000993838

Final set of parameters            Asymptotic Standard Error
=======================            ==========================

k               = 24.7212          +/- 9.672        (39.13%)
d               = 1.46637          +/- 0.04989      (3.402%)
a               = 3.19525          +/- 0.1114       (3.488%)


correlation matrix of the fit parameters:

               k      d      a      
k               1.000 
d              -0.374  1.000 
a              -0.860 -0.064  1.000 


*******************************************************************************
Fri Apr 20 20:48:35 2018


FIT:    data read from 'feladat2.txt'
        format = z
        #datapoints = 9
        residuals are weighted equally (unit weight)

function used for fitting: f(x,k,d,a)
fitted parameters initialized with current variable values



 Iteration 0
 WSSR        : 7.16914           delta(WSSR)/WSSR   : 0
 delta(WSSR) : 0                 limit for stopping : 1e-05
 lambda	  : 0.0941534

initial set of free parameter values

k               = 1.5
d               = 1
a               = 1

After 49 iterations the fit converged.
final sum of squares of residuals : 0.00596303
rel. change during last iteration : -2.10061e-07

degrees of freedom    (FIT_NDF)                        : 6
rms of residuals      (FIT_STDFIT) = sqrt(WSSR/ndf)    : 0.0315252
variance of residuals (reduced chisquare) = WSSR/ndf   : 0.000993838

Final set of parameters            Asymptotic Standard Error
=======================            ==========================

k               = 24.7212          +/- 9.672        (39.13%)
d               = 1.46637          +/- 0.04989      (3.402%)
a               = 3.19525          +/- 0.1114       (3.488%)


correlation matrix of the fit parameters:

               k      d      a      
k               1.000 
d              -0.374  1.000 
a              -0.860 -0.064  1.000 


*******************************************************************************
Fri Apr 20 20:48:42 2018


FIT:    data read from 'feladat2.txt'
        format = z
        #datapoints = 9
        residuals are weighted equally (unit weight)

function used for fitting: f(x,k,d,a)
fitted parameters initialized with current variable values



 Iteration 0
 WSSR        : 7.16914           delta(WSSR)/WSSR   : 0
 delta(WSSR) : 0                 limit for stopping : 1e-05
 lambda	  : 0.0941534

initial set of free parameter values

k               = 1.5
d               = 1
a               = 1

After 49 iterations the fit converged.
final sum of squares of residuals : 0.00596303
rel. change during last iteration : -2.10061e-07

degrees of freedom    (FIT_NDF)                        : 6
rms of residuals      (FIT_STDFIT) = sqrt(WSSR/ndf)    : 0.0315252
variance of residuals (reduced chisquare) = WSSR/ndf   : 0.000993838

Final set of parameters            Asymptotic Standard Error
=======================            ==========================

k               = 24.7212          +/- 9.672        (39.13%)
d               = 1.46637          +/- 0.04989      (3.402%)
a               = 3.19525          +/- 0.1114       (3.488%)


correlation matrix of the fit parameters:

               k      d      a      
k               1.000 
d              -0.374  1.000 
a              -0.860 -0.064  1.000 


*******************************************************************************
Fri Apr 20 20:48:49 2018


FIT:    data read from 'feladat2.txt'
        format = z
        #datapoints = 9
        residuals are weighted equally (unit weight)

function used for fitting: f(x,k,d,a)
fitted parameters initialized with current variable values



 Iteration 0
 WSSR        : 7.16914           delta(WSSR)/WSSR   : 0
 delta(WSSR) : 0                 limit for stopping : 1e-05
 lambda	  : 0.0941534

initial set of free parameter values

k               = 1.5
d               = 1
a               = 1

After 49 iterations the fit converged.
final sum of squares of residuals : 0.00596303
rel. change during last iteration : -2.10061e-07

degrees of freedom    (FIT_NDF)                        : 6
rms of residuals      (FIT_STDFIT) = sqrt(WSSR/ndf)    : 0.0315252
variance of residuals (reduced chisquare) = WSSR/ndf   : 0.000993838

Final set of parameters            Asymptotic Standard Error
=======================            ==========================

k               = 24.7212          +/- 9.672        (39.13%)
d               = 1.46637          +/- 0.04989      (3.402%)
a               = 3.19525          +/- 0.1114       (3.488%)


correlation matrix of the fit parameters:

               k      d      a      
k               1.000 
d              -0.374  1.000 
a              -0.860 -0.064  1.000 


*******************************************************************************
Fri Apr 20 20:48:59 2018


FIT:    data read from 'feladat2.txt'
        format = z
        #datapoints = 9
        residuals are weighted equally (unit weight)

function used for fitting: f(x,k,d,a)
fitted parameters initialized with current variable values



 Iteration 0
 WSSR        : 7.16914           delta(WSSR)/WSSR   : 0
 delta(WSSR) : 0                 limit for stopping : 1e-05
 lambda	  : 0.0941534

initial set of free parameter values

k               = 1.5
d               = 1
a               = 1

After 49 iterations the fit converged.
final sum of squares of residuals : 0.00596303
rel. change during last iteration : -2.10061e-07

degrees of freedom    (FIT_NDF)                        : 6
rms of residuals      (FIT_STDFIT) = sqrt(WSSR/ndf)    : 0.0315252
variance of residuals (reduced chisquare) = WSSR/ndf   : 0.000993838

Final set of parameters            Asymptotic Standard Error
=======================            ==========================

k               = 24.7212          +/- 9.672        (39.13%)
d               = 1.46637          +/- 0.04989      (3.402%)
a               = 3.19525          +/- 0.1114       (3.488%)


correlation matrix of the fit parameters:

               k      d      a      
k               1.000 
d              -0.374  1.000 
a              -0.860 -0.064  1.000 


*******************************************************************************
Fri Apr 20 20:49:06 2018


FIT:    data read from 'feladat2.txt'
        format = z
        #datapoints = 9
        residuals are weighted equally (unit weight)

function used for fitting: f(x,k,d,a)
fitted parameters initialized with current variable values



 Iteration 0
 WSSR        : 7.16914           delta(WSSR)/WSSR   : 0
 delta(WSSR) : 0                 limit for stopping : 1e-05
 lambda	  : 0.0941534

initial set of free parameter values

k               = 1.5
d               = 1
a               = 1

After 49 iterations the fit converged.
final sum of squares of residuals : 0.00596303
rel. change during last iteration : -2.10061e-07

degrees of freedom    (FIT_NDF)                        : 6
rms of residuals      (FIT_STDFIT) = sqrt(WSSR/ndf)    : 0.0315252
variance of residuals (reduced chisquare) = WSSR/ndf   : 0.000993838

Final set of parameters            Asymptotic Standard Error
=======================            ==========================

k               = 24.7212          +/- 9.672        (39.13%)
d               = 1.46637          +/- 0.04989      (3.402%)
a               = 3.19525          +/- 0.1114       (3.488%)


correlation matrix of the fit parameters:

               k      d      a      
k               1.000 
d              -0.374  1.000 
a              -0.860 -0.064  1.000 


*******************************************************************************
Fri Apr 20 20:49:17 2018


FIT:    data read from 'feladat2.txt'
        format = z
        #datapoints = 9
        residuals are weighted equally (unit weight)

function used for fitting: f(x,k,d,a)
fitted parameters initialized with current variable values



 Iteration 0
 WSSR        : 7.16914           delta(WSSR)/WSSR   : 0
 delta(WSSR) : 0                 limit for stopping : 1e-05
 lambda	  : 0.0941534

initial set of free parameter values

k               = 1.5
d               = 1
a               = 1

After 49 iterations the fit converged.
final sum of squares of residuals : 0.00596303
rel. change during last iteration : -2.10061e-07

degrees of freedom    (FIT_NDF)                        : 6
rms of residuals      (FIT_STDFIT) = sqrt(WSSR/ndf)    : 0.0315252
variance of residuals (reduced chisquare) = WSSR/ndf   : 0.000993838

Final set of parameters            Asymptotic Standard Error
=======================            ==========================

k               = 24.7212          +/- 9.672        (39.13%)
d               = 1.46637          +/- 0.04989      (3.402%)
a               = 3.19525          +/- 0.1114       (3.488%)


correlation matrix of the fit parameters:

               k      d      a      
k               1.000 
d              -0.374  1.000 
a              -0.860 -0.064  1.000 


*******************************************************************************
Fri Apr 20 20:49:25 2018


FIT:    data read from 'feladat2.txt'
        format = z
        #datapoints = 9
        residuals are weighted equally (unit weight)

function used for fitting: f(x,k,d,a)
fitted parameters initialized with current variable values



 Iteration 0
 WSSR        : 7.16914           delta(WSSR)/WSSR   : 0
 delta(WSSR) : 0                 limit for stopping : 1e-05
 lambda	  : 0.0941534

initial set of free parameter values

k               = 1.5
d               = 1
a               = 1

After 49 iterations the fit converged.
final sum of squares of residuals : 0.00596303
rel. change during last iteration : -2.10061e-07

degrees of freedom    (FIT_NDF)                        : 6
rms of residuals      (FIT_STDFIT) = sqrt(WSSR/ndf)    : 0.0315252
variance of residuals (reduced chisquare) = WSSR/ndf   : 0.000993838

Final set of parameters            Asymptotic Standard Error
=======================            ==========================

k               = 24.7212          +/- 9.672        (39.13%)
d               = 1.46637          +/- 0.04989      (3.402%)
a               = 3.19525          +/- 0.1114       (3.488%)


correlation matrix of the fit parameters:

               k      d      a      
k               1.000 
d              -0.374  1.000 
a              -0.860 -0.064  1.000 


*******************************************************************************
Fri Apr 20 20:49:32 2018


FIT:    data read from 'feladat2.txt'
        format = z
        #datapoints = 9
        residuals are weighted equally (unit weight)

function used for fitting: f(x,k,d,a)
fitted parameters initialized with current variable values



 Iteration 0
 WSSR        : 7.16914           delta(WSSR)/WSSR   : 0
 delta(WSSR) : 0                 limit for stopping : 1e-05
 lambda	  : 0.0941534

initial set of free parameter values

k               = 1.5
d               = 1
a               = 1

After 49 iterations the fit converged.
final sum of squares of residuals : 0.00596303
rel. change during last iteration : -2.10061e-07

degrees of freedom    (FIT_NDF)                        : 6
rms of residuals      (FIT_STDFIT) = sqrt(WSSR/ndf)    : 0.0315252
variance of residuals (reduced chisquare) = WSSR/ndf   : 0.000993838

Final set of parameters            Asymptotic Standard Error
=======================            ==========================

k               = 24.7212          +/- 9.672        (39.13%)
d               = 1.46637          +/- 0.04989      (3.402%)
a               = 3.19525          +/- 0.1114       (3.488%)


correlation matrix of the fit parameters:

               k      d      a      
k               1.000 
d              -0.374  1.000 
a              -0.860 -0.064  1.000 


*******************************************************************************
Fri Apr 20 20:49:46 2018


FIT:    data read from 'feladat2.txt'
        format = z
        #datapoints = 9
        residuals are weighted equally (unit weight)

function used for fitting: f(x,k,d,a)
fitted parameters initialized with current variable values



 Iteration 0
 WSSR        : 7.16914           delta(WSSR)/WSSR   : 0
 delta(WSSR) : 0                 limit for stopping : 1e-05
 lambda	  : 0.0941534

initial set of free parameter values

k               = 1.5
d               = 1
a               = 1

After 49 iterations the fit converged.
final sum of squares of residuals : 0.00596303
rel. change during last iteration : -2.10061e-07

degrees of freedom    (FIT_NDF)                        : 6
rms of residuals      (FIT_STDFIT) = sqrt(WSSR/ndf)    : 0.0315252
variance of residuals (reduced chisquare) = WSSR/ndf   : 0.000993838

Final set of parameters            Asymptotic Standard Error
=======================            ==========================

k               = 24.7212          +/- 9.672        (39.13%)
d               = 1.46637          +/- 0.04989      (3.402%)
a               = 3.19525          +/- 0.1114       (3.488%)


correlation matrix of the fit parameters:

               k      d      a      
k               1.000 
d              -0.374  1.000 
a              -0.860 -0.064  1.000 


*******************************************************************************
Fri Apr 20 20:49:52 2018


FIT:    data read from 'feladat2.txt'
        format = z
        #datapoints = 9
        residuals are weighted equally (unit weight)

function used for fitting: f(x,k,d,a)
fitted parameters initialized with current variable values



 Iteration 0
 WSSR        : 7.16914           delta(WSSR)/WSSR   : 0
 delta(WSSR) : 0                 limit for stopping : 1e-05
 lambda	  : 0.0941534

initial set of free parameter values

k               = 1.5
d               = 1
a               = 1

After 49 iterations the fit converged.
final sum of squares of residuals : 0.00596303
rel. change during last iteration : -2.10061e-07

degrees of freedom    (FIT_NDF)                        : 6
rms of residuals      (FIT_STDFIT) = sqrt(WSSR/ndf)    : 0.0315252
variance of residuals (reduced chisquare) = WSSR/ndf   : 0.000993838

Final set of parameters            Asymptotic Standard Error
=======================            ==========================

k               = 24.7212          +/- 9.672        (39.13%)
d               = 1.46637          +/- 0.04989      (3.402%)
a               = 3.19525          +/- 0.1114       (3.488%)


correlation matrix of the fit parameters:

               k      d      a      
k               1.000 
d              -0.374  1.000 
a              -0.860 -0.064  1.000 


*******************************************************************************
Fri Apr 20 20:49:56 2018


FIT:    data read from 'feladat2.txt'
        format = z
        #datapoints = 9
        residuals are weighted equally (unit weight)

function used for fitting: f(x,k,d,a)
fitted parameters initialized with current variable values



 Iteration 0
 WSSR        : 7.16914           delta(WSSR)/WSSR   : 0
 delta(WSSR) : 0                 limit for stopping : 1e-05
 lambda	  : 0.0941534

initial set of free parameter values

k               = 1.5
d               = 1
a               = 1

After 49 iterations the fit converged.
final sum of squares of residuals : 0.00596303
rel. change during last iteration : -2.10061e-07

degrees of freedom    (FIT_NDF)                        : 6
rms of residuals      (FIT_STDFIT) = sqrt(WSSR/ndf)    : 0.0315252
variance of residuals (reduced chisquare) = WSSR/ndf   : 0.000993838

Final set of parameters            Asymptotic Standard Error
=======================            ==========================

k               = 24.7212          +/- 9.672        (39.13%)
d               = 1.46637          +/- 0.04989      (3.402%)
a               = 3.19525          +/- 0.1114       (3.488%)


correlation matrix of the fit parameters:

               k      d      a      
k               1.000 
d              -0.374  1.000 
a              -0.860 -0.064  1.000 


*******************************************************************************
Fri Apr 20 20:50:01 2018


FIT:    data read from 'feladat2.txt'
        format = z
        #datapoints = 9
        residuals are weighted equally (unit weight)

function used for fitting: f(x,k,d,a)
fitted parameters initialized with current variable values



 Iteration 0
 WSSR        : 7.16914           delta(WSSR)/WSSR   : 0
 delta(WSSR) : 0                 limit for stopping : 1e-05
 lambda	  : 0.0941534

initial set of free parameter values

k               = 1.5
d               = 1
a               = 1

After 49 iterations the fit converged.
final sum of squares of residuals : 0.00596303
rel. change during last iteration : -2.10061e-07

degrees of freedom    (FIT_NDF)                        : 6
rms of residuals      (FIT_STDFIT) = sqrt(WSSR/ndf)    : 0.0315252
variance of residuals (reduced chisquare) = WSSR/ndf   : 0.000993838

Final set of parameters            Asymptotic Standard Error
=======================            ==========================

k               = 24.7212          +/- 9.672        (39.13%)
d               = 1.46637          +/- 0.04989      (3.402%)
a               = 3.19525          +/- 0.1114       (3.488%)


correlation matrix of the fit parameters:

               k      d      a      
k               1.000 
d              -0.374  1.000 
a              -0.860 -0.064  1.000 


*******************************************************************************
Fri Apr 20 20:52:01 2018


FIT:    data read from 'feladat2.txt'
        format = z
        #datapoints = 9
        residuals are weighted equally (unit weight)

function used for fitting: f(x,k,d,a)
fitted parameters initialized with current variable values



 Iteration 0
 WSSR        : 7.16914           delta(WSSR)/WSSR   : 0
 delta(WSSR) : 0                 limit for stopping : 1e-05
 lambda	  : 0.0941534

initial set of free parameter values

k               = 1.5
d               = 1
a               = 1

After 49 iterations the fit converged.
final sum of squares of residuals : 0.00596303
rel. change during last iteration : -2.10061e-07

degrees of freedom    (FIT_NDF)                        : 6
rms of residuals      (FIT_STDFIT) = sqrt(WSSR/ndf)    : 0.0315252
variance of residuals (reduced chisquare) = WSSR/ndf   : 0.000993838

Final set of parameters            Asymptotic Standard Error
=======================            ==========================

k               = 24.7212          +/- 9.672        (39.13%)
d               = 1.46637          +/- 0.04989      (3.402%)
a               = 3.19525          +/- 0.1114       (3.488%)


correlation matrix of the fit parameters:

               k      d      a      
k               1.000 
d              -0.374  1.000 
a              -0.860 -0.064  1.000 


*******************************************************************************
Fri Apr 20 20:52:25 2018


FIT:    data read from 'feladat2.txt'
        format = z
        #datapoints = 9
        residuals are weighted equally (unit weight)

function used for fitting: f(x,k,d,a)
fitted parameters initialized with current variable values



 Iteration 0
 WSSR        : 7.16914           delta(WSSR)/WSSR   : 0
 delta(WSSR) : 0                 limit for stopping : 1e-05
 lambda	  : 0.0941534

initial set of free parameter values

k               = 1.5
d               = 1
a               = 1

After 49 iterations the fit converged.
final sum of squares of residuals : 0.00596303
rel. change during last iteration : -2.10061e-07

degrees of freedom    (FIT_NDF)                        : 6
rms of residuals      (FIT_STDFIT) = sqrt(WSSR/ndf)    : 0.0315252
variance of residuals (reduced chisquare) = WSSR/ndf   : 0.000993838

Final set of parameters            Asymptotic Standard Error
=======================            ==========================

k               = 24.7212          +/- 9.672        (39.13%)
d               = 1.46637          +/- 0.04989      (3.402%)
a               = 3.19525          +/- 0.1114       (3.488%)


correlation matrix of the fit parameters:

               k      d      a      
k               1.000 
d              -0.374  1.000 
a              -0.860 -0.064  1.000 


*******************************************************************************
Fri Apr 20 20:53:05 2018


FIT:    data read from 'feladat2.txt'
        format = z
        #datapoints = 9
        residuals are weighted equally (unit weight)

function used for fitting: f(x,k,d,a)
fitted parameters initialized with current variable values



 Iteration 0
 WSSR        : 7.16914           delta(WSSR)/WSSR   : 0
 delta(WSSR) : 0                 limit for stopping : 1e-05
 lambda	  : 0.0941534

initial set of free parameter values

k               = 1.5
d               = 1
a               = 1

After 49 iterations the fit converged.
final sum of squares of residuals : 0.00596303
rel. change during last iteration : -2.10061e-07

degrees of freedom    (FIT_NDF)                        : 6
rms of residuals      (FIT_STDFIT) = sqrt(WSSR/ndf)    : 0.0315252
variance of residuals (reduced chisquare) = WSSR/ndf   : 0.000993838

Final set of parameters            Asymptotic Standard Error
=======================            ==========================

k               = 24.7212          +/- 9.672        (39.13%)
d               = 1.46637          +/- 0.04989      (3.402%)
a               = 3.19525          +/- 0.1114       (3.488%)


correlation matrix of the fit parameters:

               k      d      a      
k               1.000 
d              -0.374  1.000 
a              -0.860 -0.064  1.000 


*******************************************************************************
Fri Apr 20 20:53:21 2018


FIT:    data read from 'feladat2.txt'
        format = z
        #datapoints = 9
        residuals are weighted equally (unit weight)

function used for fitting: f(x,k,d,a)
fitted parameters initialized with current variable values



 Iteration 0
 WSSR        : 7.16914           delta(WSSR)/WSSR   : 0
 delta(WSSR) : 0                 limit for stopping : 1e-05
 lambda	  : 0.0941534

initial set of free parameter values

k               = 1.5
d               = 1
a               = 1

After 49 iterations the fit converged.
final sum of squares of residuals : 0.00596303
rel. change during last iteration : -2.10061e-07

degrees of freedom    (FIT_NDF)                        : 6
rms of residuals      (FIT_STDFIT) = sqrt(WSSR/ndf)    : 0.0315252
variance of residuals (reduced chisquare) = WSSR/ndf   : 0.000993838

Final set of parameters            Asymptotic Standard Error
=======================            ==========================

k               = 24.7212          +/- 9.672        (39.13%)
d               = 1.46637          +/- 0.04989      (3.402%)
a               = 3.19525          +/- 0.1114       (3.488%)


correlation matrix of the fit parameters:

               k      d      a      
k               1.000 
d              -0.374  1.000 
a              -0.860 -0.064  1.000 


*******************************************************************************
Fri Apr 20 20:55:49 2018


FIT:    data read from 'feladat2.txt'
        format = z
        #datapoints = 9
        residuals are weighted equally (unit weight)

function used for fitting: f(x,k,d,a)
fitted parameters initialized with current variable values



 Iteration 0
 WSSR        : 7.16914           delta(WSSR)/WSSR   : 0
 delta(WSSR) : 0                 limit for stopping : 1e-05
 lambda	  : 0.0941534

initial set of free parameter values

k               = 1.5
d               = 1
a               = 1

After 49 iterations the fit converged.
final sum of squares of residuals : 0.00596303
rel. change during last iteration : -2.10061e-07

degrees of freedom    (FIT_NDF)                        : 6
rms of residuals      (FIT_STDFIT) = sqrt(WSSR/ndf)    : 0.0315252
variance of residuals (reduced chisquare) = WSSR/ndf   : 0.000993838

Final set of parameters            Asymptotic Standard Error
=======================            ==========================

k               = 24.7212          +/- 9.672        (39.13%)
d               = 1.46637          +/- 0.04989      (3.402%)
a               = 3.19525          +/- 0.1114       (3.488%)


correlation matrix of the fit parameters:

               k      d      a      
k               1.000 
d              -0.374  1.000 
a              -0.860 -0.064  1.000 


*******************************************************************************
Fri Apr 20 20:55:59 2018


FIT:    data read from 'feladat2.txt'
        format = z
        #datapoints = 9
        residuals are weighted equally (unit weight)

function used for fitting: f(x,k,d,a)
fitted parameters initialized with current variable values



 Iteration 0
 WSSR        : 7.16914           delta(WSSR)/WSSR   : 0
 delta(WSSR) : 0                 limit for stopping : 1e-05
 lambda	  : 0.0941534

initial set of free parameter values

k               = 1.5
d               = 1
a               = 1

After 49 iterations the fit converged.
final sum of squares of residuals : 0.00596303
rel. change during last iteration : -2.10061e-07

degrees of freedom    (FIT_NDF)                        : 6
rms of residuals      (FIT_STDFIT) = sqrt(WSSR/ndf)    : 0.0315252
variance of residuals (reduced chisquare) = WSSR/ndf   : 0.000993838

Final set of parameters            Asymptotic Standard Error
=======================            ==========================

k               = 24.7212          +/- 9.672        (39.13%)
d               = 1.46637          +/- 0.04989      (3.402%)
a               = 3.19525          +/- 0.1114       (3.488%)


correlation matrix of the fit parameters:

               k      d      a      
k               1.000 
d              -0.374  1.000 
a              -0.860 -0.064  1.000 


*******************************************************************************
Fri Apr 20 20:56:29 2018


FIT:    data read from 'feladat2.txt'
        format = z
        #datapoints = 9
        residuals are weighted equally (unit weight)

function used for fitting: f(x,k,d,a)
fitted parameters initialized with current variable values



 Iteration 0
 WSSR        : 7.16914           delta(WSSR)/WSSR   : 0
 delta(WSSR) : 0                 limit for stopping : 1e-05
 lambda	  : 0.0941534

initial set of free parameter values

k               = 1.5
d               = 1
a               = 1

After 49 iterations the fit converged.
final sum of squares of residuals : 0.00596303
rel. change during last iteration : -2.10061e-07

degrees of freedom    (FIT_NDF)                        : 6
rms of residuals      (FIT_STDFIT) = sqrt(WSSR/ndf)    : 0.0315252
variance of residuals (reduced chisquare) = WSSR/ndf   : 0.000993838

Final set of parameters            Asymptotic Standard Error
=======================            ==========================

k               = 24.7212          +/- 9.672        (39.13%)
d               = 1.46637          +/- 0.04989      (3.402%)
a               = 3.19525          +/- 0.1114       (3.488%)


correlation matrix of the fit parameters:

               k      d      a      
k               1.000 
d              -0.374  1.000 
a              -0.860 -0.064  1.000 


*******************************************************************************
Fri Apr 20 20:56:38 2018


FIT:    data read from 'feladat2.txt'
        format = z
        #datapoints = 9
        residuals are weighted equally (unit weight)

function used for fitting: f(x,k,d,a)
fitted parameters initialized with current variable values



 Iteration 0
 WSSR        : 7.16914           delta(WSSR)/WSSR   : 0
 delta(WSSR) : 0                 limit for stopping : 1e-05
 lambda	  : 0.0941534

initial set of free parameter values

k               = 1.5
d               = 1
a               = 1

After 49 iterations the fit converged.
final sum of squares of residuals : 0.00596303
rel. change during last iteration : -2.10061e-07

degrees of freedom    (FIT_NDF)                        : 6
rms of residuals      (FIT_STDFIT) = sqrt(WSSR/ndf)    : 0.0315252
variance of residuals (reduced chisquare) = WSSR/ndf   : 0.000993838

Final set of parameters            Asymptotic Standard Error
=======================            ==========================

k               = 24.7212          +/- 9.672        (39.13%)
d               = 1.46637          +/- 0.04989      (3.402%)
a               = 3.19525          +/- 0.1114       (3.488%)


correlation matrix of the fit parameters:

               k      d      a      
k               1.000 
d              -0.374  1.000 
a              -0.860 -0.064  1.000 


*******************************************************************************
Sun Apr 22 20:23:29 2018


FIT:    data read from 'feladat2.txt'
        format = z
        #datapoints = 9
        residuals are weighted equally (unit weight)

function used for fitting: f(x,k,d,a)
fitted parameters initialized with current variable values



 Iteration 0
 WSSR        : 7.16914           delta(WSSR)/WSSR   : 0
 delta(WSSR) : 0                 limit for stopping : 1e-05
 lambda	  : 0.0941534

initial set of free parameter values

k               = 1.5
d               = 1
a               = 1

After 49 iterations the fit converged.
final sum of squares of residuals : 0.00596303
rel. change during last iteration : -2.10061e-07

degrees of freedom    (FIT_NDF)                        : 6
rms of residuals      (FIT_STDFIT) = sqrt(WSSR/ndf)    : 0.0315252
variance of residuals (reduced chisquare) = WSSR/ndf   : 0.000993838

Final set of parameters            Asymptotic Standard Error
=======================            ==========================

k               = 24.7212          +/- 9.672        (39.13%)
d               = 1.46637          +/- 0.04989      (3.402%)
a               = 3.19525          +/- 0.1114       (3.488%)


correlation matrix of the fit parameters:

               k      d      a      
k               1.000 
d              -0.374  1.000 
a              -0.860 -0.064  1.000 


*******************************************************************************
Sun Apr 22 20:24:45 2018


FIT:    data read from 'feladat2.txt'
        format = z
        #datapoints = 9
        residuals are weighted equally (unit weight)

function used for fitting: f(x,k,d,a)
fitted parameters initialized with current variable values



 Iteration 0
 WSSR        : 7.16914           delta(WSSR)/WSSR   : 0
 delta(WSSR) : 0                 limit for stopping : 1e-05
 lambda	  : 0.0941534

initial set of free parameter values

k               = 1.5
d               = 1
a               = 1

After 49 iterations the fit converged.
final sum of squares of residuals : 0.00596303
rel. change during last iteration : -2.10061e-07

degrees of freedom    (FIT_NDF)                        : 6
rms of residuals      (FIT_STDFIT) = sqrt(WSSR/ndf)    : 0.0315252
variance of residuals (reduced chisquare) = WSSR/ndf   : 0.000993838

Final set of parameters            Asymptotic Standard Error
=======================            ==========================

k               = 24.7212          +/- 9.672        (39.13%)
d               = 1.46637          +/- 0.04989      (3.402%)
a               = 3.19525          +/- 0.1114       (3.488%)


correlation matrix of the fit parameters:

               k      d      a      
k               1.000 
d              -0.374  1.000 
a              -0.860 -0.064  1.000 


*******************************************************************************
Sun Apr 22 20:25:32 2018


FIT:    data read from 'feladat2.txt'
        format = z
        #datapoints = 9
        residuals are weighted equally (unit weight)

function used for fitting: f(x,k,d,a)
fitted parameters initialized with current variable values



 Iteration 0
 WSSR        : 7.16914           delta(WSSR)/WSSR   : 0
 delta(WSSR) : 0                 limit for stopping : 1e-05
 lambda	  : 0.0941534

initial set of free parameter values

k               = 1.5
d               = 1
a               = 1

After 49 iterations the fit converged.
final sum of squares of residuals : 0.00596303
rel. change during last iteration : -2.10061e-07

degrees of freedom    (FIT_NDF)                        : 6
rms of residuals      (FIT_STDFIT) = sqrt(WSSR/ndf)    : 0.0315252
variance of residuals (reduced chisquare) = WSSR/ndf   : 0.000993838

Final set of parameters            Asymptotic Standard Error
=======================            ==========================

k               = 24.7212          +/- 9.672        (39.13%)
d               = 1.46637          +/- 0.04989      (3.402%)
a               = 3.19525          +/- 0.1114       (3.488%)


correlation matrix of the fit parameters:

               k      d      a      
k               1.000 
d              -0.374  1.000 
a              -0.860 -0.064  1.000 


*******************************************************************************
Sun Apr 22 20:25:36 2018


FIT:    data read from 'feladat2.txt'
        format = z
        #datapoints = 9
        residuals are weighted equally (unit weight)

function used for fitting: f(x,k,d,a)
fitted parameters initialized with current variable values



 Iteration 0
 WSSR        : 7.16914           delta(WSSR)/WSSR   : 0
 delta(WSSR) : 0                 limit for stopping : 1e-05
 lambda	  : 0.0941534

initial set of free parameter values

k               = 1.5
d               = 1
a               = 1

After 49 iterations the fit converged.
final sum of squares of residuals : 0.00596303
rel. change during last iteration : -2.10061e-07

degrees of freedom    (FIT_NDF)                        : 6
rms of residuals      (FIT_STDFIT) = sqrt(WSSR/ndf)    : 0.0315252
variance of residuals (reduced chisquare) = WSSR/ndf   : 0.000993838

Final set of parameters            Asymptotic Standard Error
=======================            ==========================

k               = 24.7212          +/- 9.672        (39.13%)
d               = 1.46637          +/- 0.04989      (3.402%)
a               = 3.19525          +/- 0.1114       (3.488%)


correlation matrix of the fit parameters:

               k      d      a      
k               1.000 
d              -0.374  1.000 
a              -0.860 -0.064  1.000 


*******************************************************************************
Sun Apr 22 20:26:14 2018


FIT:    data read from 'feladat2.txt'
        format = z
        #datapoints = 9
        residuals are weighted equally (unit weight)

function used for fitting: f(x,k,d,a)
fitted parameters initialized with current variable values



 Iteration 0
 WSSR        : 7.16914           delta(WSSR)/WSSR   : 0
 delta(WSSR) : 0                 limit for stopping : 1e-05
 lambda	  : 0.0941534

initial set of free parameter values

k               = 1.5
d               = 1
a               = 1

After 49 iterations the fit converged.
final sum of squares of residuals : 0.00596303
rel. change during last iteration : -2.10061e-07

degrees of freedom    (FIT_NDF)                        : 6
rms of residuals      (FIT_STDFIT) = sqrt(WSSR/ndf)    : 0.0315252
variance of residuals (reduced chisquare) = WSSR/ndf   : 0.000993838

Final set of parameters            Asymptotic Standard Error
=======================            ==========================

k               = 24.7212          +/- 9.672        (39.13%)
d               = 1.46637          +/- 0.04989      (3.402%)
a               = 3.19525          +/- 0.1114       (3.488%)


correlation matrix of the fit parameters:

               k      d      a      
k               1.000 
d              -0.374  1.000 
a              -0.860 -0.064  1.000 


*******************************************************************************
Mon Apr 23 08:32:37 2018


FIT:    data read from '3feladat.txt'
        format = z
        #datapoints = 8
        residuals are weighted equally (unit weight)

function used for fitting: f(x)
fitted parameters initialized with current variable values



*******************************************************************************
Mon Apr 23 08:32:48 2018


FIT:    data read from '3feladat.txt'
        format = z
        #datapoints = 8
        residuals are weighted equally (unit weight)

function used for fitting: f(x, h, c1, c2)
fitted parameters initialized with current variable values



 Iteration 0
 WSSR        : 4.17552e+46       delta(WSSR)/WSSR   : 0
 delta(WSSR) : 0                 limit for stopping : 1e-05
 lambda	  : 5.89881e+22

initial set of free parameter values

h               = 1
c1              = 1
c2              = 1.5

The maximum lambda = 1.000000e+20 was exceeded. Fit stopped.
final sum of squares of residuals : 3.05298e+45
rel. change during last iteration : -12.6769

degrees of freedom    (FIT_NDF)                        : 5
rms of residuals      (FIT_STDFIT) = sqrt(WSSR/ndf)    : 2.47102e+22
variance of residuals (reduced chisquare) = WSSR/ndf   : 6.10595e+44

BREAK:          Singular matrix in Invert_RtR



*******************************************************************************
Mon Apr 23 08:33:49 2018


FIT:    data read from '3feladat.txt'
        format = z
        x range restricted to [-73.1525 : 923.153]
        #datapoints = 8
        residuals are weighted equally (unit weight)

function used for fitting: f(x, h, c1, c2)
fitted parameters initialized with current variable values



 Iteration 0
 WSSR        : 1.12906e+92       delta(WSSR)/WSSR   : 0
 delta(WSSR) : 0                 limit for stopping : 1e-05
 lambda	  : 4.17109e+45

initial set of free parameter values

h               = 1e+23
c1              = 0.52
c2              = 1.5015

The maximum lambda = 1.000000e+20 was exceeded. Fit stopped.
final sum of squares of residuals : 1.8065e+89
rel. change during last iteration : -624

degrees of freedom    (FIT_NDF)                        : 5
rms of residuals      (FIT_STDFIT) = sqrt(WSSR/ndf)    : 1.90079e+44
variance of residuals (reduced chisquare) = WSSR/ndf   : 3.61299e+88

BREAK:          Singular matrix in Invert_RtR



*******************************************************************************
Mon Apr 23 08:35:05 2018


FIT:    data read from '3feladat.txt'
        format = z
        x range restricted to [-73.1525 : 923.153]
        #datapoints = 8
        residuals are weighted equally (unit weight)

function used for fitting: f(x, h, c1, c2)
fitted parameters initialized with current variable values



*******************************************************************************
Mon Apr 23 08:35:09 2018


FIT:    data read from '3feladat.txt'
        format = z
        x range restricted to [-73.1525 : 923.153]
        #datapoints = 8
        residuals are weighted equally (unit weight)

function used for fitting: f(x, h, c1, c2)
fitted parameters initialized with current variable values



*******************************************************************************
Mon Apr 23 08:35:16 2018


FIT:    data read from '3feladat.txt'
        format = z
        x range restricted to [-73.1525 : 923.153]
        #datapoints = 8
        residuals are weighted equally (unit weight)

function used for fitting: f(x, c1, c2)
fitted parameters initialized with current variable values



 Iteration 0
 WSSR        : 6.51032           delta(WSSR)/WSSR   : 0
 delta(WSSR) : 0                 limit for stopping : 1e-05
 lambda	  : 0.998728

initial set of free parameter values

c1              = -1
c2              = 1.5

After 6 iterations the fit converged.
final sum of squares of residuals : 0.000787207
rel. change during last iteration : -7.37977e-06

degrees of freedom    (FIT_NDF)                        : 6
rms of residuals      (FIT_STDFIT) = sqrt(WSSR/ndf)    : 0.0114543
variance of residuals (reduced chisquare) = WSSR/ndf   : 0.000131201

Final set of parameters            Asymptotic Standard Error
=======================            ==========================

c1              = -27.5766         +/- 5.416        (19.64%)
c2              = 28.9108          +/- 5.402        (18.69%)


correlation matrix of the fit parameters:

               c1     c2     
c1              1.000 
c2             -1.000  1.000 


*******************************************************************************
Mon Apr 23 08:36:00 2018


FIT:    data read from '3feladat.txt'
        format = z
        #datapoints = 8
        residuals are weighted equally (unit weight)

function used for fitting: f(x, c1, c2)
fitted parameters initialized with current variable values



 Iteration 0
 WSSR        : 6.51032           delta(WSSR)/WSSR   : 0
 delta(WSSR) : 0                 limit for stopping : 1e-05
 lambda	  : 0.998728

initial set of free parameter values

c1              = -1
c2              = 1.5

After 6 iterations the fit converged.
final sum of squares of residuals : 0.000787207
rel. change during last iteration : -7.37977e-06

degrees of freedom    (FIT_NDF)                        : 6
rms of residuals      (FIT_STDFIT) = sqrt(WSSR/ndf)    : 0.0114543
variance of residuals (reduced chisquare) = WSSR/ndf   : 0.000131201

Final set of parameters            Asymptotic Standard Error
=======================            ==========================

c1              = -27.5766         +/- 5.416        (19.64%)
c2              = 28.9108          +/- 5.402        (18.69%)


correlation matrix of the fit parameters:

               c1     c2     
c1              1.000 
c2             -1.000  1.000 


*******************************************************************************
Mon Apr 23 08:37:11 2018


FIT:    data read from '3feladat.txt'
        format = z
        x range restricted to [-73.1525 : 923.153]
        #datapoints = 8
        residuals are weighted equally (unit weight)

function used for fitting: f(x, c1, c2)
fitted parameters initialized with current variable values



 Iteration 0
 WSSR        : 29.0952           delta(WSSR)/WSSR   : 0
 delta(WSSR) : 0                 limit for stopping : 1e-05
 lambda	  : 0.998728

initial set of free parameter values

c1              = 1
c2              = -1.5

After 6 iterations the fit converged.
final sum of squares of residuals : 0.000787207
rel. change during last iteration : -8.80966e-06

degrees of freedom    (FIT_NDF)                        : 6
rms of residuals      (FIT_STDFIT) = sqrt(WSSR/ndf)    : 0.0114543
variance of residuals (reduced chisquare) = WSSR/ndf   : 0.000131201

Final set of parameters            Asymptotic Standard Error
=======================            ==========================

c1              = -27.5766         +/- 5.416        (19.64%)
c2              = 28.9108          +/- 5.402        (18.69%)


correlation matrix of the fit parameters:

               c1     c2     
c1              1.000 
c2             -1.000  1.000 


*******************************************************************************
Mon Apr 23 08:37:41 2018


FIT:    data read from '3feladat.txt'
        format = z
        x range restricted to [-73.1525 : 923.153]
        #datapoints = 8
        residuals are weighted equally (unit weight)

function used for fitting: f(x, c1, c2)
fitted parameters initialized with current variable values



 Iteration 0
 WSSR        : inf               delta(WSSR)/WSSR   : -nan
 delta(WSSR) : -nan              limit for stopping : 1e-05
 lambda	  : inf

initial set of free parameter values

c1              = -27.5766
c2              = 28.9108

The maximum lambda = 1.000000e+20 was exceeded. Fit stopped.
final sum of squares of residuals : inf
rel. change during last iteration : -nan

degrees of freedom    (FIT_NDF)                        : 6
rms of residuals      (FIT_STDFIT) = sqrt(WSSR/ndf)    : inf
variance of residuals (reduced chisquare) = WSSR/ndf   : inf

BREAK:          Singular matrix in Invert_RtR



*******************************************************************************
Mon Apr 23 08:38:28 2018


FIT:    data read from '3feladat.txt'
        format = z
        x range restricted to [-73.1525 : 923.153]
        #datapoints = 8
        residuals are weighted equally (unit weight)

function used for fitting: f(x, c1, c2)
fitted parameters initialized with current variable values



 Iteration 0
 WSSR        : inf               delta(WSSR)/WSSR   : -nan
 delta(WSSR) : -nan              limit for stopping : 1e-05
 lambda	  : inf

initial set of free parameter values

c1              = -1
c2              = 1.5

The maximum lambda = 1.000000e+20 was exceeded. Fit stopped.
final sum of squares of residuals : inf
rel. change during last iteration : -nan

degrees of freedom    (FIT_NDF)                        : 6
rms of residuals      (FIT_STDFIT) = sqrt(WSSR/ndf)    : inf
variance of residuals (reduced chisquare) = WSSR/ndf   : inf

BREAK:          Singular matrix in Invert_RtR



*******************************************************************************
Mon Apr 23 08:39:04 2018


FIT:    data read from '3feladat.txt'
        format = z
        x range restricted to [-73.1525 : 923.153]
        #datapoints = 8
        residuals are weighted equally (unit weight)

function used for fitting: f(x, c1, c2, c3)
fitted parameters initialized with current variable values



 Iteration 0
 WSSR        : inf               delta(WSSR)/WSSR   : -nan
 delta(WSSR) : -nan              limit for stopping : 1e-05
 lambda	  : inf

initial set of free parameter values

c1              = -1
c2              = 1.5015
c3              = 10

The maximum lambda = 1.000000e+20 was exceeded. Fit stopped.
final sum of squares of residuals : inf
rel. change during last iteration : -nan

degrees of freedom    (FIT_NDF)                        : 5
rms of residuals      (FIT_STDFIT) = sqrt(WSSR/ndf)    : inf
variance of residuals (reduced chisquare) = WSSR/ndf   : inf

BREAK:          Singular matrix in Invert_RtR



*******************************************************************************
Mon Apr 23 08:45:15 2018


FIT:    data read from '3feladat.txt'
        format = z
        x range restricted to [-73.1525 : 923.153]
        #datapoints = 8
        residuals are weighted equally (unit weight)

function used for fitting: f(x, c1, c2)
fitted parameters initialized with current variable values



 Iteration 0
 WSSR        : 56.7238           delta(WSSR)/WSSR   : 0
 delta(WSSR) : 0                 limit for stopping : 1e-05
 lambda	  : 3.45752

initial set of free parameter values

c1              = 1.5
c2              = 1

After 5 iterations the fit converged.
final sum of squares of residuals : 0.00454483
rel. change during last iteration : -7.05116e-09

degrees of freedom    (FIT_NDF)                        : 6
rms of residuals      (FIT_STDFIT) = sqrt(WSSR/ndf)    : 0.0275222
variance of residuals (reduced chisquare) = WSSR/ndf   : 0.000757471

Final set of parameters            Asymptotic Standard Error
=======================            ==========================

c1              = 1.0114           +/- 2.438e+10    (2.411e+12%)
c2              = 0.33079          +/- 2.41e+10     (7.286e+12%)


correlation matrix of the fit parameters:

               c1     c2     
c1              1.000 
c2             -1.000  1.000 


*******************************************************************************
Mon Apr 23 08:45:46 2018


FIT:    data read from '3feladat.txt'
        format = z
        x range restricted to [-73.1525 : 923.153]
        #datapoints = 8
        residuals are weighted equally (unit weight)

function used for fitting: f(x, c1, c2, c3)
fitted parameters initialized with current variable values



 Iteration 0
 WSSR        : nan               delta(WSSR)/WSSR   : 0
 delta(WSSR) : nan               limit for stopping : 1e-05
 lambda	  : nan

initial set of free parameter values

c1              = 1.0114
c2              = 0.33079
c3              = nan

After 1 iterations the fit converged.
final sum of squares of residuals : nan
abs. change during last iteration : nan

degrees of freedom    (FIT_NDF)                        : 5
rms of residuals      (FIT_STDFIT) = sqrt(WSSR/ndf)    : nan
variance of residuals (reduced chisquare) = WSSR/ndf   : nan

Final set of parameters            Asymptotic Standard Error
=======================            ==========================

c1              = 1.0114           +/- nan          (nan%)
c2              = 0.33079          +/- nan          (nan%)
c3              = nan              +/- nan          (nan%)


correlation matrix of the fit parameters:

               c1     c2     c3     
c1                nan 
c2                nan    nan 
c3                nan    nan    nan 


*******************************************************************************
Mon Apr 23 08:46:01 2018


FIT:    data read from '3feladat.txt'
        format = z
        x range restricted to [-73.1525 : 923.153]
        #datapoints = 8
        residuals are weighted equally (unit weight)

function used for fitting: f(x, c1, c2, c3)
fitted parameters initialized with current variable values



 Iteration 0
 WSSR        : -nan              delta(WSSR)/WSSR   : 0
 delta(WSSR) : -nan              limit for stopping : 1e-05
 lambda	  : -nan

initial set of free parameter values

c1              = -nan
c2              = -nan
c3              = 1.5

After 1 iterations the fit converged.
final sum of squares of residuals : -nan
abs. change during last iteration : -nan

degrees of freedom    (FIT_NDF)                        : 5
rms of residuals      (FIT_STDFIT) = sqrt(WSSR/ndf)    : -nan
variance of residuals (reduced chisquare) = WSSR/ndf   : -nan

Final set of parameters            Asymptotic Standard Error
=======================            ==========================

c1              = -nan             +/- -nan         (nan%)
c2              = -nan             +/- -nan         (nan%)
c3              = 1.5              +/- -nan         (nan%)


correlation matrix of the fit parameters:

               c1     c2     c3     
c1               -nan 
c2               -nan   -nan 
c3               -nan   -nan   -nan 


*******************************************************************************
Mon Apr 23 08:46:16 2018


FIT:    data read from '3feladat.txt'
        format = z
        x range restricted to [-73.1525 : 923.153]
        #datapoints = 8
        residuals are weighted equally (unit weight)

function used for fitting: f(x, c1, c2, c3)
fitted parameters initialized with current variable values



 Iteration 0
 WSSR        : 0.0844354         delta(WSSR)/WSSR   : 0
 delta(WSSR) : 0                 limit for stopping : 1e-05
 lambda	  : 0.577356

initial set of free parameter values

c1              = 100
c2              = -10
c3              = 1.5

After 3 iterations the fit converged.
final sum of squares of residuals : 0.00418974
rel. change during last iteration : -4.43259e-06

degrees of freedom    (FIT_NDF)                        : 5
rms of residuals      (FIT_STDFIT) = sqrt(WSSR/ndf)    : 0.0289473
variance of residuals (reduced chisquare) = WSSR/ndf   : 0.000837947

Final set of parameters            Asymptotic Standard Error
=======================            ==========================

c1              = 99.9998          +/- 1.174e+13    (1.174e+13%)
c2              = -10.0173         +/- 1.18e+11     (1.178e+12%)
c3              = 1.39992          +/- 21.52        (1537%)


correlation matrix of the fit parameters:

               c1     c2     c3     
c1              1.000 
c2             -1.000  1.000 
c3              0.773 -0.773  1.000 


*******************************************************************************
Mon Apr 23 08:48:36 2018


FIT:    data read from '3feladat.txt'
        format = z
        x range restricted to [216.667 : 633.333]
        #datapoints = 8
        residuals are weighted equally (unit weight)

function used for fitting: f(x, c1)
fitted parameters initialized with current variable values



 Iteration 0
 WSSR        : 77367.6           delta(WSSR)/WSSR   : 0
 delta(WSSR) : 0                 limit for stopping : 1e-05
 lambda	  : 0.997455

initial set of free parameter values

c1              = 99.9998

After 4 iterations the fit converged.
final sum of squares of residuals : 0.00454483
rel. change during last iteration : -5.11803e-11

degrees of freedom    (FIT_NDF)                        : 7
rms of residuals      (FIT_STDFIT) = sqrt(WSSR/ndf)    : 0.0254806
variance of residuals (reduced chisquare) = WSSR/ndf   : 0.000649261

Final set of parameters            Asymptotic Standard Error
=======================            ==========================

c1              = 1.40794          +/- 0.009032     (0.6415%)


correlation matrix of the fit parameters:

               c1     
c1              1.000 


*******************************************************************************
Mon Apr 23 08:49:25 2018


FIT:    data read from '3feladat.txt'
        format = z
        x range restricted to [216.667 : 633.333]
        #datapoints = 8
        residuals are weighted equally (unit weight)

function used for fitting: f(x, c, c1)
fitted parameters initialized with current variable values



 Iteration 0
 WSSR        : 5.23625           delta(WSSR)/WSSR   : 0
 delta(WSSR) : 0                 limit for stopping : 1e-05
 lambda	  : 0.998728

initial set of free parameter values

c               = 2
c1              = 1.40794

After 6 iterations the fit converged.
final sum of squares of residuals : 0.000787207
rel. change during last iteration : -7.13366e-06

degrees of freedom    (FIT_NDF)                        : 6
rms of residuals      (FIT_STDFIT) = sqrt(WSSR/ndf)    : 0.0114543
variance of residuals (reduced chisquare) = WSSR/ndf   : 0.000131201

Final set of parameters            Asymptotic Standard Error
=======================            ==========================

c               = 28.9108          +/- 5.402        (18.69%)
c1              = 27.5766          +/- 5.416        (19.64%)


correlation matrix of the fit parameters:

               c      c1     
c               1.000 
c1              1.000  1.000 


*******************************************************************************
Mon Apr 23 08:52:53 2018


FIT:    data read from '3feladat.txt'
        format = z
        #datapoints = 8
        residuals are weighted equally (unit weight)

function used for fitting: f(x, c1, c2)
fitted parameters initialized with current variable values



 Iteration 0
 WSSR        : 1.34595           delta(WSSR)/WSSR   : 0
 delta(WSSR) : 0                 limit for stopping : 1e-05
 lambda	  : 0.703516

initial set of free parameter values

c1              = 1
c2              = -2

After 6 iterations the fit converged.
final sum of squares of residuals : 0.000809075
rel. change during last iteration : -2.88362e-07

degrees of freedom    (FIT_NDF)                        : 6
rms of residuals      (FIT_STDFIT) = sqrt(WSSR/ndf)    : 0.0116123
variance of residuals (reduced chisquare) = WSSR/ndf   : 0.000134846

Final set of parameters            Asymptotic Standard Error
=======================            ==========================

c1              = 1.3366           +/- 0.01384      (1.035%)
c2              = 19.367           +/- 3.863        (19.94%)


correlation matrix of the fit parameters:

               c1     c2     
c1              1.000 
c2             -0.959  1.000 


*******************************************************************************
Mon Apr 23 08:53:14 2018


FIT:    data read from '3feladat.txt' u 1:3
        format = x:z
        #datapoints = 8
        residuals are weighted equally (unit weight)

function used for fitting: f(x, c1, c2)
fitted parameters initialized with current variable values



 Iteration 0
 WSSR        : 3.84017           delta(WSSR)/WSSR   : 0
 delta(WSSR) : 0                 limit for stopping : 1e-05
 lambda	  : 0.743049

initial set of free parameter values

c1              = 1.3366
c2              = 19.367

After 7 iterations the fit converged.
final sum of squares of residuals : 0.000206569
rel. change during last iteration : -1.01716e-09

degrees of freedom    (FIT_NDF)                        : 6
rms of residuals      (FIT_STDFIT) = sqrt(WSSR/ndf)    : 0.00586755
variance of residuals (reduced chisquare) = WSSR/ndf   : 3.44282e-05

Final set of parameters            Asymptotic Standard Error
=======================            ==========================

c1              = 0.749113         +/- 0.007739     (1.033%)
c2              = -19.8419         +/- 3.923        (19.77%)


correlation matrix of the fit parameters:

               c1     c2     
c1              1.000 
c2             -0.959  1.000 


*******************************************************************************
Mon Apr 23 08:53:40 2018


FIT:    data read from '3feladat.txt' u 1:3
        format = x:z
        #datapoints = 8
        residuals are weighted equally (unit weight)

function used for fitting: f(x, c1, c2)
fitted parameters initialized with current variable values



 Iteration 0
 WSSR        : 0.0276124         delta(WSSR)/WSSR   : 0
 delta(WSSR) : 0                 limit for stopping : 1e-05
 lambda	  : 0.725403

initial set of free parameter values

c1              = 0.749113
c2              = 10

After 7 iterations the fit converged.
final sum of squares of residuals : 0.000206569
rel. change during last iteration : -5.29939e-10

degrees of freedom    (FIT_NDF)                        : 6
rms of residuals      (FIT_STDFIT) = sqrt(WSSR/ndf)    : 0.00586755
variance of residuals (reduced chisquare) = WSSR/ndf   : 3.44282e-05

Final set of parameters            Asymptotic Standard Error
=======================            ==========================

c1              = 0.749113         +/- 0.007739     (1.033%)
c2              = -19.8419         +/- 3.923        (19.77%)


correlation matrix of the fit parameters:

               c1     c2     
c1              1.000 
c2             -0.959  1.000 


*******************************************************************************
Mon Apr 23 08:55:34 2018


FIT:    data read from '3feladat.txt'
        format = z
        #datapoints = 8
        residuals are weighted equally (unit weight)

function used for fitting: f(x, c1, c2)
fitted parameters initialized with current variable values



 Iteration 0
 WSSR        : 3.84086           delta(WSSR)/WSSR   : 0
 delta(WSSR) : 0                 limit for stopping : 1e-05
 lambda	  : 0.672386

initial set of free parameter values

c1              = 0.749113
c2              = -19.8419

After 6 iterations the fit converged.
final sum of squares of residuals : 0.000809075
rel. change during last iteration : -1.69623e-06

degrees of freedom    (FIT_NDF)                        : 6
rms of residuals      (FIT_STDFIT) = sqrt(WSSR/ndf)    : 0.0116123
variance of residuals (reduced chisquare) = WSSR/ndf   : 0.000134846

Final set of parameters            Asymptotic Standard Error
=======================            ==========================

c1              = 1.3366           +/- 0.01384      (1.035%)
c2              = 19.367           +/- 3.863        (19.94%)


correlation matrix of the fit parameters:

               c1     c2     
c1              1.000 
c2             -0.959  1.000 


*******************************************************************************
Mon Apr 23 08:58:50 2018


FIT:    data read from '3feladat.txt'
        format = z
        #datapoints = 8
        residuals are weighted equally (unit weight)

function used for fitting: f(x, c1, c2, c3)
fitted parameters initialized with current variable values



 Iteration 0
 WSSR        : 26.1869           delta(WSSR)/WSSR   : 0
 delta(WSSR) : 0                 limit for stopping : 1e-05
 lambda	  : 0.837505

initial set of free parameter values

c1              = 1.3366
c2              = 19.367
c3              = 1

After 113 iterations the fit converged.
final sum of squares of residuals : 0.000790361
rel. change during last iteration : -9.98259e-06

degrees of freedom    (FIT_NDF)                        : 5
rms of residuals      (FIT_STDFIT) = sqrt(WSSR/ndf)    : 0.0125727
variance of residuals (reduced chisquare) = WSSR/ndf   : 0.000158072

Final set of parameters            Asymptotic Standard Error
=======================            ==========================

c1              = -13.9745         +/- 4615         (3.303e+04%)
c2              = 1.9556           +/- 642.4        (3.285e+04%)
c3              = -12.6399         +/- 4615         (3.651e+04%)


correlation matrix of the fit parameters:

               c1     c2     c3     
c1              1.000 
c2              1.000  1.000 
c3              1.000  1.000  1.000 


*******************************************************************************
Mon Apr 23 08:59:29 2018


FIT:    data read from '3feladat.txt'
        format = z
        #datapoints = 8
        residuals are weighted equally (unit weight)

function used for fitting: f(x, c1, c2, c3)
fitted parameters initialized with current variable values

BREAK:          Undefined value during function evaluation



*******************************************************************************
Mon Apr 23 08:59:51 2018


FIT:    data read from '3feladat.txt'
        format = z
        #datapoints = 8
        residuals are weighted equally (unit weight)

function used for fitting: f(x, c1, c2, c3)
fitted parameters initialized with current variable values

BREAK:          Undefined value during function evaluation



*******************************************************************************
Mon Apr 23 09:00:34 2018


FIT:    data read from '3feladat.txt'
        format = z
        #datapoints = 8
        residuals are weighted equally (unit weight)

function used for fitting: f(x, c1, c2)
fitted parameters initialized with current variable values

BREAK:          Undefined value during function evaluation



*******************************************************************************
Mon Apr 23 09:00:55 2018


FIT:    data read from '3feladat.txt'
        format = z
        #datapoints = 8
        residuals are weighted equally (unit weight)

function used for fitting: f(x, c1, c2)
fitted parameters initialized with current variable values



*******************************************************************************
Mon Apr 23 09:01:00 2018


FIT:    data read from '3feladat.txt'
        format = z
        #datapoints = 8
        residuals are weighted equally (unit weight)

function used for fitting: f(x, c1, c2, c3)
fitted parameters initialized with current variable values



 Iteration 0
 WSSR        : 3.77302e+262      delta(WSSR)/WSSR   : 0
 delta(WSSR) : 0                 limit for stopping : 1e-05
 lambda	  : 2.77435e+133

initial set of free parameter values

c1              = 10
c2              = 0.5
c3              = 1.5

The maximum lambda = 1.000000e+20 was exceeded. Fit stopped.
final sum of squares of residuals : 7.27237e+261
rel. change during last iteration : -4.18816

degrees of freedom    (FIT_NDF)                        : 5
rms of residuals      (FIT_STDFIT) = sqrt(WSSR/ndf)    : 3.81376e+130
variance of residuals (reduced chisquare) = WSSR/ndf   : 1.45447e+261

BREAK:          Singular matrix in Invert_RtR



*******************************************************************************
Mon Apr 23 09:01:58 2018


FIT:    data read from '3feladat.txt'
        format = z
        x range restricted to [191.435 : 687.467]
        #datapoints = 8
        residuals are weighted equally (unit weight)

function used for fitting: f(x, c1, c2, c3)
fitted parameters initialized with current variable values



 Iteration 0
 WSSR        : 7.27237e+261      delta(WSSR)/WSSR   : 0
 delta(WSSR) : 0                 limit for stopping : 1e-05
 lambda	  : 1.2175e+133

initial set of free parameter values

c1              = 10
c2              = 0.498628
c3              = 1.5015

The maximum lambda = 1.000000e+20 was exceeded. Fit stopped.
final sum of squares of residuals : 1.40073e+261
rel. change during last iteration : -4.19185

degrees of freedom    (FIT_NDF)                        : 5
rms of residuals      (FIT_STDFIT) = sqrt(WSSR/ndf)    : 1.67376e+130
variance of residuals (reduced chisquare) = WSSR/ndf   : 2.80146e+260

BREAK:          Singular matrix in Invert_RtR



*******************************************************************************
Mon Apr 23 09:02:12 2018


FIT:    data read from '3feladat.txt'
        format = z
        x range restricted to [191.435 : 687.467]
        #datapoints = 8
        residuals are weighted equally (unit weight)

function used for fitting: f(x, c1, c2, c3)
fitted parameters initialized with current variable values



 Iteration 0
 WSSR        : 1.40073e+257      delta(WSSR)/WSSR   : 0
 delta(WSSR) : 0                 limit for stopping : 1e-05
 lambda	  : 5.3415e+130

initial set of free parameter values

c1              = 0.1
c2              = 0.497255
c3              = 1.503

The maximum lambda = 1.000000e+20 was exceeded. Fit stopped.
final sum of squares of residuals : 2.69587e+256
rel. change during last iteration : -4.19584

degrees of freedom    (FIT_NDF)                        : 5
rms of residuals      (FIT_STDFIT) = sqrt(WSSR/ndf)    : 7.34284e+127
variance of residuals (reduced chisquare) = WSSR/ndf   : 5.39173e+255

BREAK:          Singular matrix in Invert_RtR



*******************************************************************************
Mon Apr 23 09:02:18 2018


FIT:    data read from '3feladat.txt'
        format = z
        x range restricted to [191.435 : 687.467]
        #datapoints = 8
        residuals are weighted equally (unit weight)

function used for fitting: f(x, c1, c2, c3)
fitted parameters initialized with current variable values



 Iteration 0
 WSSR        : 2.69693e+256      delta(WSSR)/WSSR   : 0
 delta(WSSR) : 0                 limit for stopping : 1e-05
 lambda	  : 2.34279e+130

initial set of free parameter values

c1              = -0.1
c2              = 0.495883
c3              = 1.5045

The maximum lambda = 1.000000e+20 was exceeded. Fit stopped.
final sum of squares of residuals : 5.18685e+255
rel. change during last iteration : -4.19954

degrees of freedom    (FIT_NDF)                        : 5
rms of residuals      (FIT_STDFIT) = sqrt(WSSR/ndf)    : 3.22082e+127
variance of residuals (reduced chisquare) = WSSR/ndf   : 1.03737e+255

BREAK:          Singular matrix in Invert_RtR



*******************************************************************************
Mon Apr 23 09:02:23 2018


FIT:    data read from '3feladat.txt'
        format = z
        x range restricted to [191.435 : 687.467]
        #datapoints = 8
        residuals are weighted equally (unit weight)

function used for fitting: f(x, c1, c2, c3)
fitted parameters initialized with current variable values



 Iteration 0
 WSSR        : 2.07556e+258      delta(WSSR)/WSSR   : 0
 delta(WSSR) : 0                 limit for stopping : 1e-05
 lambda	  : 2.05416e+131

initial set of free parameter values

c1              = -2
c2              = 0.494509
c3              = 1.50601

The maximum lambda = 1.000000e+20 was exceeded. Fit stopped.
final sum of squares of residuals : 3.98919e+257
rel. change during last iteration : -4.20296

degrees of freedom    (FIT_NDF)                        : 5
rms of residuals      (FIT_STDFIT) = sqrt(WSSR/ndf)    : 2.8246e+128
variance of residuals (reduced chisquare) = WSSR/ndf   : 7.97837e+256

BREAK:          Singular matrix in Invert_RtR



*******************************************************************************
Mon Apr 23 09:05:25 2018


FIT:    data read from '3feladat.txt'
        format = z
        #datapoints = 8
        residuals are weighted equally (unit weight)

function used for fitting: f(x, k0, c1, c2)
fitted parameters initialized with current variable values



 Iteration 0
 WSSR        : 6.18667           delta(WSSR)/WSSR   : 0
 delta(WSSR) : 0                 limit for stopping : 1e-05
 lambda	  : 0.806312

initial set of free parameter values

k0              = 1.5
c1              = 1
c2              = -10

After 382 iterations the fit converged.
final sum of squares of residuals : 5.64642e-05
rel. change during last iteration : -4.47836e-06

degrees of freedom    (FIT_NDF)                        : 5
rms of residuals      (FIT_STDFIT) = sqrt(WSSR/ndf)    : 0.00336048
variance of residuals (reduced chisquare) = WSSR/ndf   : 1.12928e-05

Final set of parameters            Asymptotic Standard Error
=======================            ==========================

k0              = 1.43482          +/- 0.003797     (0.2646%)
c1              = 0.75479          +/- 0.2685       (35.57%)
c2              = -1428.96         +/- 225.4        (15.77%)


correlation matrix of the fit parameters:

               k0     c1     c2     
k0              1.000 
c1             -0.781  1.000 
c2              0.852 -0.989  1.000 


*******************************************************************************
Mon Apr 23 09:05:56 2018


FIT:    data read from '3feladat.txt'
        format = z
        #datapoints = 8
        residuals are weighted equally (unit weight)

function used for fitting: f(x, k0, c1, c2)
fitted parameters initialized with current variable values



 Iteration 0
 WSSR        : 5.64642e-05       delta(WSSR)/WSSR   : 0
 delta(WSSR) : 0                 limit for stopping : 1e-05
 lambda	  : 0.578081

initial set of free parameter values

k0              = 1.43482
c1              = 0.75479
c2              = -1428.96

After 1 iterations the fit converged.
final sum of squares of residuals : 5.64642e-05
rel. change during last iteration : -2.34632e-09

degrees of freedom    (FIT_NDF)                        : 5
rms of residuals      (FIT_STDFIT) = sqrt(WSSR/ndf)    : 0.00336048
variance of residuals (reduced chisquare) = WSSR/ndf   : 1.12928e-05

Final set of parameters            Asymptotic Standard Error
=======================            ==========================

k0              = 1.43482          +/- 0.003797     (0.2646%)
c1              = 0.75479          +/- 0.2685       (35.57%)
c2              = -1428.96         +/- 225.4        (15.77%)


correlation matrix of the fit parameters:

               k0     c1     c2     
k0              1.000 
c1             -0.781  1.000 
c2              0.852 -0.989  1.000 


*******************************************************************************
Mon Apr 23 09:06:07 2018


FIT:    data read from '3feladat.txt' u 1:3
        format = x:z
        #datapoints = 8
        residuals are weighted equally (unit weight)

function used for fitting: f(x, k0, c1, c2)
fitted parameters initialized with current variable values



 Iteration 0
 WSSR        : 3.84173           delta(WSSR)/WSSR   : 0
 delta(WSSR) : 0                 limit for stopping : 1e-05
 lambda	  : 0.578081

initial set of free parameter values

k0              = 1.43482
c1              = 0.75479
c2              = -1428.96

After 9 iterations the fit converged.
final sum of squares of residuals : 1.4368e-05
rel. change during last iteration : -3.92441e-07

degrees of freedom    (FIT_NDF)                        : 5
rms of residuals      (FIT_STDFIT) = sqrt(WSSR/ndf)    : 0.00169517
variance of residuals (reduced chisquare) = WSSR/ndf   : 2.87361e-06

Final set of parameters            Asymptotic Standard Error
=======================            ==========================

k0              = 0.697001         +/- 0.001855     (0.2661%)
c1              = -0.410077        +/- 0.1471       (35.86%)
c2              = -1468.88         +/- 226.1        (15.39%)


correlation matrix of the fit parameters:

               k0     c1     c2     
k0              1.000 
c1             -0.776  1.000 
c2             -0.846  0.990  1.000 


*******************************************************************************
Mon Apr 23 09:31:57 2018


FIT:    data read from '3feladat.txt' u 1:3
        format = x:z
        #datapoints = 8
        residuals are weighted equally (unit weight)

function used for fitting: f(x, c1, c2)
fitted parameters initialized with current variable values



 Iteration 0
 WSSR        : 4.23838           delta(WSSR)/WSSR   : 0
 delta(WSSR) : 0                 limit for stopping : 1e-05
 lambda	  : 0.0330379

initial set of free parameter values

c1              = -0.410077
c2              = -1468.88

After 33 iterations the fit converged.
final sum of squares of residuals : 0.000206569
rel. change during last iteration : -4.3711e-10

degrees of freedom    (FIT_NDF)                        : 6
rms of residuals      (FIT_STDFIT) = sqrt(WSSR/ndf)    : 0.00586755
variance of residuals (reduced chisquare) = WSSR/ndf   : 3.44282e-05

Final set of parameters            Asymptotic Standard Error
=======================            ==========================

c1              = 0.749113         +/- 0.007739     (1.033%)
c2              = -19.8419         +/- 3.923        (19.77%)


correlation matrix of the fit parameters:

               c1     c2     
c1              1.000 
c2             -0.959  1.000 
